[0.691s] Invoking command in '/workspace/towen/build/cv_bridge': BYOBU_DATE=%Y-%m-%d CMAKE_PREFIX_PATH=${CMAKE_PREFIX_PATH}:/workspace/towen/install/strategy:/workspace/towen/install/rosidl_cli:/workspace/towen/install/opencv_tests:/workspace/towen/install/motionpackage:/workspace/towen/install/imageprocess:/opt/ros/humble /usr/local/bin/cmake /workspace/towen/src/vision_opencv/cv_bridge -DCMAKE_BUILD_TYPE=Release -DAMENT_CMAKE_SYMLINK_INSTALL=1 -DCMAKE_INSTALL_PREFIX=/workspace/towen/install/cv_bridge
[0.943s] -- Found ament_cmake_ros: 0.10.0 (/opt/ros/humble/install/share/ament_cmake_ros/cmake)
[1.034s] -- Found Python3: /usr/local/bin/python3 (found version "3.10.12") found components: Interpreter
[1.254s] -- Override CMake install command with custom implementation using symlinks instead of copying resources
[2.210s] -- Found Python3: /usr/include/python3.10 (found version "3.10.12") found components: Development NumPy Interpreter Development.Module Development.Embed
[2.212s] [33mCMake Warning (dev) at CMakeLists.txt:20 (find_package):
[2.213s]   Policy CMP0167 is not set: The FindBoost module is removed.  Run "cmake
[2.214s]   --help-policy CMP0167" for policy details.  Use the cmake_policy command to
[2.215s]   set the policy and suppress this warning.
[2.216s] 
[2.217s] This warning is for project developers.  Use -Wno-dev to suppress it.
[2.218s] [0m
[2.228s] [33mCMake Warning (dev) at CMakeLists.txt:31 (find_package):
[2.229s]   Policy CMP0167 is not set: The FindBoost module is removed.  Run "cmake
[2.230s]   --help-policy CMP0167" for policy details.  Use the cmake_policy command to
[2.231s]   set the policy and suppress this warning.
[2.232s] 
[2.233s] This warning is for project developers.  Use -Wno-dev to suppress it.
[2.234s] [0m
[2.245s] -- Found rcpputils: 2.4.3 (/opt/ros/humble/install/share/rcpputils/cmake)
[2.280s] -- Found sensor_msgs: 4.2.4 (/opt/ros/humble/install/share/sensor_msgs/cmake)
[2.337s] -- Found rosidl_generator_c: 3.1.5 (/opt/ros/humble/install/share/rosidl_generator_c/cmake)
[2.344s] -- Found rosidl_adapter: 3.1.5 (/opt/ros/humble/install/share/rosidl_adapter/cmake)
[2.367s] -- Found rosidl_generator_cpp: 3.1.5 (/opt/ros/humble/install/share/rosidl_generator_cpp/cmake)
[2.409s] -- Using all available rosidl_typesupport_c: rosidl_typesupport_introspection_c;rosidl_typesupport_fastrtps_c
[2.442s] -- Using all available rosidl_typesupport_cpp: rosidl_typesupport_introspection_cpp;rosidl_typesupport_fastrtps_cpp
[3.054s] -- Found ament_lint_auto: 0.12.11 (/opt/ros/humble/install/share/ament_lint_auto/cmake)
[3.493s] -- Found gtest sources under '/opt/ros/humble/install/src/gtest_vendor': C++ tests using 'Google Test' will be built
[11.217s] -- Configuring done (10.3s)
[11.484s] -- Generating done (0.3s)
[11.488s] -- Build files have been written to: /workspace/towen/build/cv_bridge
[11.661s] Invoked command in '/workspace/towen/build/cv_bridge' returned '0': BYOBU_DATE=%Y-%m-%d CMAKE_PREFIX_PATH=${CMAKE_PREFIX_PATH}:/workspace/towen/install/strategy:/workspace/towen/install/rosidl_cli:/workspace/towen/install/opencv_tests:/workspace/towen/install/motionpackage:/workspace/towen/install/imageprocess:/opt/ros/humble /usr/local/bin/cmake /workspace/towen/src/vision_opencv/cv_bridge -DCMAKE_BUILD_TYPE=Release -DAMENT_CMAKE_SYMLINK_INSTALL=1 -DCMAKE_INSTALL_PREFIX=/workspace/towen/install/cv_bridge
[11.662s] Invoking command in '/workspace/towen/build/cv_bridge': BYOBU_DATE=%Y-%m-%d CMAKE_PREFIX_PATH=${CMAKE_PREFIX_PATH}:/workspace/towen/install/strategy:/workspace/towen/install/rosidl_cli:/workspace/towen/install/opencv_tests:/workspace/towen/install/motionpackage:/workspace/towen/install/imageprocess:/opt/ros/humble /usr/local/bin/cmake --build /workspace/towen/build/cv_bridge -- -j6 -l6
[13.634s] [  6%] [32mBuilding CXX object gtest/CMakeFiles/gtest.dir/src/gtest-all.cc.o[0m
[13.634s] [ 12%] [32mBuilding CXX object gtest/CMakeFiles/gtest_main.dir/src/gtest_main.cc.o[0m
[13.637s] [ 25%] [32mBuilding CXX object src/CMakeFiles/cv_bridge.dir/rgb_colors.cpp.o[0m
[13.637s] [ 25%] [32mBuilding CXX object src/CMakeFiles/cv_bridge.dir/cv_bridge.cpp.o[0m
[13.658s] failed to create symbolic link '/workspace/towen/build/cv_bridge/ament_cmake_python/cv_bridge/cv_bridge' because existing path cannot be removed: Is a directory
[13.658s] gmake[2]: *** [CMakeFiles/ament_cmake_python_symlink_cv_bridge.dir/build.make:70: CMakeFiles/ament_cmake_python_symlink_cv_bridge] Error 1
[13.658s] gmake[1]: *** [CMakeFiles/Makefile2:193: CMakeFiles/ament_cmake_python_symlink_cv_bridge.dir/all] Error 2
[13.658s] gmake[1]: *** Waiting for unfinished jobs....
[18.042s] [ 31%] [32m[1mLinking CXX static library libgtest_main.a[0m
[18.274s] [ 31%] Built target gtest_main
[34.453s] [ 37%] [32m[1mLinking CXX shared library libcv_bridge.so[0m
[34.660s] [ 37%] Built target cv_bridge
[35.411s] [ 43%] [32m[1mLinking CXX static library libgtest.a[0m
[35.472s] [ 43%] Built target gtest
[35.474s] gmake: *** [Makefile:146: all] Error 2
