[0.661s] Invoking command in '/workspace/towen/build/tku_msgs': BYOBU_DATE=%Y-%m-%d CMAKE_PREFIX_PATH=${CMAKE_PREFIX_PATH}:/workspace/towen/install/strategy:/workspace/towen/install/motionpackage:/workspace/towen/install/imageprocess:/opt/ros/humble /usr/local/bin/cmake --build /workspace/towen/build/tku_msgs -- -j6 -l6
[1.106s] -- Found ament_cmake: 1.3.10 (/opt/ros/humble/install/share/ament_cmake/cmake)
[1.704s] -- Found rosidl_default_generators: 1.2.0 (/opt/ros/humble/install/share/rosidl_default_generators/cmake)
[1.704s] -- Using all available rosidl_typesupport_c: rosidl_typesupport_fastrtps_c;rosidl_typesupport_introspection_c
[1.713s] -- Found rosidl_adapter: 3.1.5 (/opt/ros/humble/install/share/rosidl_adapter/cmake)
[1.866s] -- Using all available rosidl_typesupport_cpp: rosidl_typesupport_fastrtps_cpp;rosidl_typesupport_introspection_cpp
[1.970s] -- Found std_msgs: 4.2.4 (/opt/ros/humble/install/share/std_msgs/cmake)
[3.854s] -- Found ament_cmake_ros: 0.10.0 (/opt/ros/humble/install/share/ament_cmake_ros/cmake)
[5.011s] -- Using all available rosidl_typesupport_c: rosidl_typesupport_fastrtps_c;rosidl_typesupport_introspection_c
[6.775s] -- Using all available rosidl_typesupport_cpp: rosidl_typesupport_fastrtps_cpp;rosidl_typesupport_introspection_cpp
[6.788s] [33mCMake Warning (dev) at /opt/ros/humble/install/share/rosidl_generator_py/cmake/rosidl_generator_py_generate_interfaces.cmake:20 (find_package):
[6.789s]   Policy CMP0148 is not set: The FindPythonInterp and FindPythonLibs modules
[6.790s]   are removed.  Run "cmake --help-policy CMP0148" for policy details.  Use
[6.791s]   the cmake_policy command to set the policy and suppress this warning.
[6.792s] 
[6.793s] Call Stack (most recent call first):
[6.794s]   /opt/ros/humble/install/share/ament_cmake_core/cmake/core/ament_execute_extensions.cmake:48 (include)
[6.795s]   /opt/ros/humble/install/share/rosidl_cmake/cmake/rosidl_generate_interfaces.cmake:286 (ament_execute_extensions)
[6.796s]   CMakeLists.txt:19 (rosidl_generate_interfaces)
[6.797s] This warning is for project developers.  Use -Wno-dev to suppress it.
[6.798s] [0m
[6.841s] -- Found python_cmake_module: 0.10.0 (/opt/ros/humble/install/share/python_cmake_module/cmake)
[6.844s] [33mCMake Warning (dev) at /opt/ros/humble/install/share/python_cmake_module/cmake/Modules/FindPythonExtra.cmake:52 (find_package):
[6.845s]   Policy CMP0148 is not set: The FindPythonInterp and FindPythonLibs modules
[6.846s]   are removed.  Run "cmake --help-policy CMP0148" for policy details.  Use
[6.847s]   the cmake_policy command to set the policy and suppress this warning.
[6.848s] 
[6.849s] Call Stack (most recent call first):
[6.850s]   /opt/ros/humble/install/share/rosidl_generator_py/cmake/rosidl_generator_py_generate_interfaces.cmake:23 (find_package)
[6.851s]   /opt/ros/humble/install/share/ament_cmake_core/cmake/core/ament_execute_extensions.cmake:48 (include)
[6.852s]   /opt/ros/humble/install/share/rosidl_cmake/cmake/rosidl_generate_interfaces.cmake:286 (ament_execute_extensions)
[6.853s]   CMakeLists.txt:19 (rosidl_generate_interfaces)
[6.855s] This warning is for project developers.  Use -Wno-dev to suppress it.
[6.856s] [0m
[6.907s] [33mCMake Warning (dev) at /opt/ros/humble/install/share/python_cmake_module/cmake/Modules/FindPythonExtra.cmake:140 (find_package):
[6.908s]   Policy CMP0148 is not set: The FindPythonInterp and FindPythonLibs modules
[6.909s]   are removed.  Run "cmake --help-policy CMP0148" for policy details.  Use
[6.910s]   the cmake_policy command to set the policy and suppress this warning.
[6.911s] 
[6.912s] Call Stack (most recent call first):
[6.913s]   /opt/ros/humble/install/share/rosidl_generator_py/cmake/rosidl_generator_py_generate_interfaces.cmake:23 (find_package)
[6.914s]   /opt/ros/humble/install/share/ament_cmake_core/cmake/core/ament_execute_extensions.cmake:48 (include)
[6.916s]   /opt/ros/humble/install/share/rosidl_cmake/cmake/rosidl_generate_interfaces.cmake:286 (ament_execute_extensions)
[6.917s]   CMakeLists.txt:19 (rosidl_generate_interfaces)
[6.918s] This warning is for project developers.  Use -Wno-dev to suppress it.
[6.921s] [0m
[6.941s] -- Using PYTHON_EXECUTABLE: /usr/local/bin/python3
[6.942s] -- Using PYTHON_INCLUDE_DIRS: /usr/include/python3.10
[6.943s] -- Using PYTHON_LIBRARIES: /usr/lib/aarch64-linux-gnu/libpython3.10.so
[7.065s] -- Found ament_lint_auto: 0.12.11 (/opt/ros/humble/install/share/ament_lint_auto/cmake)
[7.103s] -- Added test 'lint_cmake' to check CMake code style
[7.108s] -- Added test 'xmllint' to check XML markup files
[7.114s] -- Configuring done (6.0s)
[7.460s] -- Generating done (0.3s)
[7.460s] -- Build files have been written to: /workspace/towen/build/tku_msgs
[7.566s] [  0%] Built target ament_cmake_python_copy_tku_msgs
[7.567s] [  0%] [34m[1mGenerating C++ code for ROS interfaces[0m
[7.647s] [ 12%] Built target tku_msgs__rosidl_generator_c
[7.775s] [ 24%] Built target tku_msgs__rosidl_typesupport_c
[7.794s] [ 37%] Built target tku_msgs__rosidl_typesupport_introspection_c
[7.824s] Traceback (most recent call last):
[7.824s]   File "/opt/ros/humble/install/share/rosidl_generator_cpp/cmake/../../../lib/rosidl_generator_cpp/rosidl_generator_cpp", line 38, in <module>
[7.824s]     sys.exit(main())
[7.825s]   File "/opt/ros/humble/install/share/rosidl_generator_cpp/cmake/../../../lib/rosidl_generator_cpp/rosidl_generator_cpp", line 34, in main
[7.825s]     generate_cpp(args.generator_arguments_file)
[7.825s]   File "/opt/ros/humble/local/lib/python3.10/dist-packages/rosidl_generator_cpp/__init__.py", line 39, in generate_cpp
[7.825s]     return generate_files(
[7.825s]   File "/opt/ros/humble/local/lib/python3.10/dist-packages/rosidl_cmake/__init__.py", line 59, in generate_files
[7.825s]     assert (template_basepath / template_filename).exists(), \
[7.826s] AssertionError: Could not find template: idl__type_support.hpp.em
[7.878s] gmake[2]: *** [CMakeFiles/tku_msgs__cpp.dir/build.make:288: rosidl_generator_cpp/tku_msgs/msg/button_color_form.hpp] Error 1
[7.880s] gmake[1]: *** [CMakeFiles/Makefile2:317: CMakeFiles/tku_msgs__cpp.dir/all] Error 2
[7.880s] gmake[1]: *** Waiting for unfinished jobs....
[8.082s] [ 50%] Built target tku_msgs__rosidl_typesupport_fastrtps_c
[8.358s] running egg_info
[8.406s] writing tku_msgs.egg-info/PKG-INFO
[8.407s] writing dependency_links to tku_msgs.egg-info/dependency_links.txt
[8.408s] writing top-level names to tku_msgs.egg-info/top_level.txt
[8.563s] reading manifest file 'tku_msgs.egg-info/SOURCES.txt'
[8.569s] writing manifest file 'tku_msgs.egg-info/SOURCES.txt'
[8.659s] [ 50%] Built target ament_cmake_python_build_tku_msgs_egg
[8.660s] gmake: *** [Makefile:146: all] Error 2
[8.714s] Invoked command in '/workspace/towen/build/tku_msgs' returned '2': BYOBU_DATE=%Y-%m-%d CMAKE_PREFIX_PATH=${CMAKE_PREFIX_PATH}:/workspace/towen/install/strategy:/workspace/towen/install/motionpackage:/workspace/towen/install/imageprocess:/opt/ros/humble /usr/local/bin/cmake --build /workspace/towen/build/tku_msgs -- -j6 -l6
