[0.675s] Invoking command in '/workspace/towen/build/tku_msgs': BYOBU_DATE=%Y-%m-%d CMAKE_PREFIX_PATH=${CMAKE_PREFIX_PATH}:/workspace/towen/install/strategy:/workspace/towen/install/rosidl_cli:/workspace/towen/install/opencv_tests:/workspace/towen/install/motionpackage:/workspace/towen/install/imageprocess:/opt/ros/humble /usr/local/bin/cmake /workspace/towen/src/tku_msgs -DAMENT_CMAKE_SYMLINK_INSTALL=1 -DCMAKE_INSTALL_PREFIX=/workspace/towen/install/tku_msgs
[0.935s] -- Found ament_cmake: 1.3.10 (/opt/ros/humble/install/share/ament_cmake/cmake)
[1.681s] -- Override CMake install command with custom implementation using symlinks instead of copying resources
[1.701s] -- Found rosidl_default_generators: 1.2.0 (/opt/ros/humble/install/share/rosidl_default_generators/cmake)
[1.727s] -- Using all available rosidl_typesupport_c: rosidl_typesupport_introspection_c;rosidl_typesupport_fastrtps_c
[1.735s] -- Found rosidl_adapter: 3.1.7 (/workspace/towen/install/rosidl_adapter/share/rosidl_adapter/cmake)
[1.876s] -- Using all available rosidl_typesupport_cpp: rosidl_typesupport_introspection_cpp;rosidl_typesupport_fastrtps_cpp
[1.971s] -- Found std_msgs: 4.2.4 (/opt/ros/humble/install/share/std_msgs/cmake)
[4.359s] -- Found ament_cmake_ros: 0.10.0 (/opt/ros/humble/install/share/ament_cmake_ros/cmake)
[5.311s] -- Using all available rosidl_typesupport_c: rosidl_typesupport_introspection_c;rosidl_typesupport_fastrtps_c
[7.086s] -- Using all available rosidl_typesupport_cpp: rosidl_typesupport_introspection_cpp;rosidl_typesupport_fastrtps_cpp
[7.095s] [33mCMake Warning (dev) at /opt/ros/humble/install/share/rosidl_generator_py/cmake/rosidl_generator_py_generate_interfaces.cmake:20 (find_package):
[7.096s]   Policy CMP0148 is not set: The FindPythonInterp and FindPythonLibs modules
[7.098s]   are removed.  Run "cmake --help-policy CMP0148" for policy details.  Use
[7.100s]   the cmake_policy command to set the policy and suppress this warning.
[7.103s] 
[7.106s] Call Stack (most recent call first):
[7.107s]   /opt/ros/humble/install/share/ament_cmake_core/cmake/core/ament_execute_extensions.cmake:48 (include)
[7.108s]   /workspace/towen/install/rosidl_cmake/share/rosidl_cmake/cmake/rosidl_generate_interfaces.cmake:286 (ament_execute_extensions)
[7.109s]   CMakeLists.txt:19 (rosidl_generate_interfaces)
[7.110s] This warning is for project developers.  Use -Wno-dev to suppress it.
[7.111s] [0m
[7.170s] -- Found python_cmake_module: 0.10.0 (/opt/ros/humble/install/share/python_cmake_module/cmake)
[7.170s] [33mCMake Warning (dev) at /opt/ros/humble/install/share/python_cmake_module/cmake/Modules/FindPythonExtra.cmake:52 (find_package):
[7.170s]   Policy CMP0148 is not set: The FindPythonInterp and FindPythonLibs modules
[7.171s]   are removed.  Run "cmake --help-policy CMP0148" for policy details.  Use
[7.171s]   the cmake_policy command to set the policy and suppress this warning.
[7.171s] 
[7.171s] Call Stack (most recent call first):
[7.171s]   /opt/ros/humble/install/share/rosidl_generator_py/cmake/rosidl_generator_py_generate_interfaces.cmake:23 (find_package)
[7.171s]   /opt/ros/humble/install/share/ament_cmake_core/cmake/core/ament_execute_extensions.cmake:48 (include)
[7.171s]   /workspace/towen/install/rosidl_cmake/share/rosidl_cmake/cmake/rosidl_generate_interfaces.cmake:286 (ament_execute_extensions)
[7.172s]   CMakeLists.txt:19 (rosidl_generate_interfaces)
[7.172s] This warning is for project developers.  Use -Wno-dev to suppress it.
[7.172s] [0m
[7.217s] [33mCMake Warning (dev) at /opt/ros/humble/install/share/python_cmake_module/cmake/Modules/FindPythonExtra.cmake:140 (find_package):
[7.217s]   Policy CMP0148 is not set: The FindPythonInterp and FindPythonLibs modules
[7.217s]   are removed.  Run "cmake --help-policy CMP0148" for policy details.  Use
[7.217s]   the cmake_policy command to set the policy and suppress this warning.
[7.218s] 
[7.218s] Call Stack (most recent call first):
[7.218s]   /opt/ros/humble/install/share/rosidl_generator_py/cmake/rosidl_generator_py_generate_interfaces.cmake:23 (find_package)
[7.218s]   /opt/ros/humble/install/share/ament_cmake_core/cmake/core/ament_execute_extensions.cmake:48 (include)
[7.218s]   /workspace/towen/install/rosidl_cmake/share/rosidl_cmake/cmake/rosidl_generate_interfaces.cmake:286 (ament_execute_extensions)
[7.218s]   CMakeLists.txt:19 (rosidl_generate_interfaces)
[7.218s] This warning is for project developers.  Use -Wno-dev to suppress it.
[7.219s] [0m
[7.221s] -- Using PYTHON_EXECUTABLE: /usr/local/bin/python3
[7.221s] -- Using PYTHON_INCLUDE_DIRS: /usr/include/python3.10
[7.222s] -- Using PYTHON_LIBRARIES: /usr/lib/aarch64-linux-gnu/libpython3.10.so
[7.401s] -- Found ament_lint_auto: 0.12.11 (/opt/ros/humble/install/share/ament_lint_auto/cmake)
[7.436s] -- Added test 'lint_cmake' to check CMake code style
[7.439s] -- Added test 'xmllint' to check XML markup files
[7.462s] -- Configuring done (6.5s)
[7.967s] -- Generating done (0.5s)
[7.982s] -- Build files have been written to: /workspace/towen/build/tku_msgs
[8.025s] Invoked command in '/workspace/towen/build/tku_msgs' returned '0': BYOBU_DATE=%Y-%m-%d CMAKE_PREFIX_PATH=${CMAKE_PREFIX_PATH}:/workspace/towen/install/strategy:/workspace/towen/install/rosidl_cli:/workspace/towen/install/opencv_tests:/workspace/towen/install/motionpackage:/workspace/towen/install/imageprocess:/opt/ros/humble /usr/local/bin/cmake /workspace/towen/src/tku_msgs -DAMENT_CMAKE_SYMLINK_INSTALL=1 -DCMAKE_INSTALL_PREFIX=/workspace/towen/install/tku_msgs
[8.030s] Invoking command in '/workspace/towen/build/tku_msgs': BYOBU_DATE=%Y-%m-%d CMAKE_PREFIX_PATH=${CMAKE_PREFIX_PATH}:/workspace/towen/install/strategy:/workspace/towen/install/rosidl_cli:/workspace/towen/install/opencv_tests:/workspace/towen/install/motionpackage:/workspace/towen/install/imageprocess:/opt/ros/humble /usr/local/bin/cmake --build /workspace/towen/build/tku_msgs -- -j6 -l6
[8.468s] failed to create symbolic link '/workspace/towen/build/tku_msgs/ament_cmake_python/tku_msgs/tku_msgs' because existing path cannot be removed: Is a directory
[8.468s] gmake[2]: *** [CMakeFiles/ament_cmake_python_symlink_tku_msgs.dir/build.make:70: CMakeFiles/ament_cmake_python_symlink_tku_msgs] Error 1
[8.469s] gmake[1]: *** [CMakeFiles/Makefile2:421: CMakeFiles/ament_cmake_python_symlink_tku_msgs.dir/all] Error 2
[8.469s] gmake[1]: *** Waiting for unfinished jobs....
[8.469s] [  0%] Built target tku_msgs__cpp
[8.558s] [ 12%] Built target tku_msgs__rosidl_generator_c
[8.559s] gmake: *** [Makefile:146: all] Error 2
