[0.223s] Invoking command in '/workspace/towen/build/webrtc': BYOBU_DATE=%Y-%m-%d CMAKE_PREFIX_PATH=${CMAKE_PREFIX_PATH}:/workspace/towen/install/strategy:/workspace/towen/install/rosidl_cli:/workspace/towen/install/opencv_tests:/workspace/towen/install/motionpackage:/workspace/towen/install/imageprocess:/opt/ros/humble /usr/local/bin/cmake /workspace/towen/src/webrtc_ros/webrtc -DCMAKE_INSTALL_PREFIX=/workspace/towen/install/webrtc
[0.482s] [0mCMake Deprecation Warning at CMakeLists.txt:1 (cmake_minimum_required):
[0.483s]   Compatibility with CMake < 3.5 will be removed from a future version of
[0.485s]   CMake.
[0.486s] 
[0.494s]   Update the VERSION argument <min> value or use a ...<max> suffix to tell
[0.495s]   CMake that the project does not need compatibility with older versions.
[0.495s] 
[0.495s] [0m
[0.916s] -- The C compiler identification is GNU 11.4.0
[1.353s] -- The CXX compiler identification is GNU 11.4.0
[1.467s] -- Detecting C compiler ABI info
[1.817s] -- Detecting C compiler ABI info - done
[1.868s] -- Check for working C compiler: /usr/bin/cc - skipped
[1.871s] -- Detecting C compile features
[1.871s] -- Detecting C compile features - done
[1.892s] -- Detecting CXX compiler ABI info
[2.277s] -- Detecting CXX compiler ABI info - done
[2.337s] -- Check for working CXX compiler: /usr/bin/c++ - skipped
[2.337s] -- Detecting CXX compile features
[2.337s] -- Detecting CXX compile features - done
[2.340s] -- *********************************************************
[2.340s] -- *                                                       *
[2.340s] -- *  On the first run, a lot of stuff will be downloaded  *
[2.341s] -- *  This may take a while...                             *
[2.341s] -- *                                                       *
[2.341s] -- *********************************************************
[2.341s] -- Fetching depot_tools from Chromium
[2.387s] Cloning into 'depot_tools'...
[14.924s] -- Fetching WebRTC source code
[58.576s] Running: gclient root
[59.641s] WARNING: Your metrics.cfg file was invalid or nonexistent. A new one will be created.
[59.723s] Running: gclient config --spec 'solutions = [
[59.723s]   {
[59.723s]     "name": "src",
[59.723s]     "url": "https://webrtc.googlesource.com/src.git",
[59.723s]     "deps_file": "DEPS",
[59.724s]     "managed": False,
[59.724s]     "custom_deps": {},
[59.724s]   },
[59.724s] ]
[59.724s] '
[67.567s] Running: gclient sync --nohooks --with_branch_heads
[70.852s] 
[70.853s] ________ running 'git -c core.deltaBaseCacheLimit=2g clone --no-checkout --progress https://webrtc.googlesource.com/src.git /workspace/towen/src/webrtc_ros/webrtc/build/webrtc/_gclient_src_1reflguh' in '/workspace/towen/src/webrtc_ros/webrtc/build/webrtc'
[70.853s] Cloning into '/workspace/towen/src/webrtc_ros/webrtc/build/webrtc/_gclient_src_1reflguh'...
[71.443s] Receiving objects:   0% (1/488202)
[71.615s] Receiving objects:   1% (4883/488202)
[71.771s] Receiving objects:   2% (9765/488202)
[71.923s] Receiving objects:   3% (14647/488202), 7.76 MiB | 15.51 MiB/s
[72.068s] Receiving objects:   4% (19529/488202), 7.76 MiB | 15.51 MiB/s
[72.203s] Receiving objects:   5% (24411/488202), 7.76 MiB | 15.51 MiB/s
[72.206s] Receiving objects:   5% (29153/488202), 7.76 MiB | 15.51 MiB/s
[72.336s] Receiving objects:   6% (29293/488202), 7.76 MiB | 15.51 MiB/s
[72.455s] Receiving objects:   7% (34175/488202), 15.87 MiB | 15.87 MiB/s
[72.566s] Receiving objects:   8% (39057/488202), 15.87 MiB | 15.87 MiB/s
[72.669s] Receiving objects:   9% (43939/488202), 15.87 MiB | 15.87 MiB/s
[72.766s] Receiving objects:  10% (48821/488202), 15.87 MiB | 15.87 MiB/s
[72.861s] Receiving objects:  11% (53703/488202), 24.75 MiB | 16.50 MiB/s
[72.964s] Receiving objects:  12% (58585/488202), 24.75 MiB | 16.50 MiB/s
[73.106s] Receiving objects:  13% (63467/488202), 24.75 MiB | 16.50 MiB/s
[73.203s] Receiving objects:  14% (68349/488202), 24.75 MiB | 16.50 MiB/s
[73.238s] Receiving objects:  14% (71678/488202), 24.75 MiB | 16.50 MiB/s
[73.349s] Receiving objects:  15% (73231/488202), 24.75 MiB | 16.50 MiB/s
[73.473s] Receiving objects:  16% (78113/488202), 37.24 MiB | 18.62 MiB/s
[73.582s] Receiving objects:  17% (82995/488202), 37.24 MiB | 18.62 MiB/s
[73.690s] Receiving objects:  18% (87877/488202), 37.24 MiB | 18.62 MiB/s
[73.803s] Receiving objects:  19% (92759/488202), 37.24 MiB | 18.62 MiB/s
[73.927s] Receiving objects:  20% (97641/488202), 49.09 MiB | 19.63 MiB/s
[74.035s] Receiving objects:  21% (102523/488202), 49.09 MiB | 19.63 MiB/s
[74.156s] Receiving objects:  22% (107405/488202), 49.09 MiB | 19.63 MiB/s
[74.203s] Receiving objects:  23% (112287/488202), 49.09 MiB | 19.63 MiB/s
[74.235s] Receiving objects:  23% (115379/488202), 49.09 MiB | 19.63 MiB/s
[74.307s] Receiving objects:  24% (117169/488202), 49.09 MiB | 19.63 MiB/s
[74.403s] Receiving objects:  25% (122051/488202), 60.14 MiB | 20.04 MiB/s
[74.506s] Receiving objects:  26% (126933/488202), 60.14 MiB | 20.04 MiB/s
[74.600s] Receiving objects:  27% (131815/488202), 60.14 MiB | 20.04 MiB/s
[74.677s] Receiving objects:  28% (136697/488202), 60.14 MiB | 20.04 MiB/s
[74.753s] Receiving objects:  29% (141579/488202), 60.14 MiB | 20.04 MiB/s
[74.821s] Receiving objects:  30% (146461/488202), 60.14 MiB | 20.04 MiB/s
[74.853s] Receiving objects:  31% (151343/488202), 71.96 MiB | 20.56 MiB/s
[74.867s] Receiving objects:  32% (156225/488202), 71.96 MiB | 20.56 MiB/s
[74.878s] Receiving objects:  33% (161107/488202), 71.96 MiB | 20.56 MiB/s
[74.891s] Receiving objects:  34% (165989/488202), 71.96 MiB | 20.56 MiB/s
[74.901s] Receiving objects:  35% (170871/488202), 71.96 MiB | 20.56 MiB/s
[74.912s] Receiving objects:  36% (175753/488202), 71.96 MiB | 20.56 MiB/s
[74.923s] Receiving objects:  37% (180635/488202), 71.96 MiB | 20.56 MiB/s
[74.936s] Receiving objects:  38% (185517/488202), 71.96 MiB | 20.56 MiB/s
[74.949s] Receiving objects:  39% (190399/488202), 71.96 MiB | 20.56 MiB/s
[74.963s] Receiving objects:  40% (195281/488202), 71.96 MiB | 20.56 MiB/s
[74.976s] Receiving objects:  41% (200163/488202), 71.96 MiB | 20.56 MiB/s
[74.988s] Receiving objects:  42% (205045/488202), 71.96 MiB | 20.56 MiB/s
[75.000s] Receiving objects:  43% (209927/488202), 71.96 MiB | 20.56 MiB/s
[75.037s] Receiving objects:  44% (214809/488202), 71.96 MiB | 20.56 MiB/s
[75.047s] Receiving objects:  45% (219691/488202), 71.96 MiB | 20.56 MiB/s
[75.059s] Receiving objects:  46% (224573/488202), 71.96 MiB | 20.56 MiB/s
[75.072s] Receiving objects:  47% (229455/488202), 71.96 MiB | 20.56 MiB/s
[75.085s] Receiving objects:  48% (234337/488202), 71.96 MiB | 20.56 MiB/s
[75.097s] Receiving objects:  49% (239219/488202), 71.96 MiB | 20.56 MiB/s
[75.107s] Receiving objects:  50% (244101/488202), 71.96 MiB | 20.56 MiB/s
[75.119s] Receiving objects:  51% (248984/488202), 71.96 MiB | 20.56 MiB/s
[75.165s] Receiving objects:  52% (253866/488202), 71.96 MiB | 20.56 MiB/s
[75.204s] Receiving objects:  53% (258748/488202), 71.96 MiB | 20.56 MiB/s
[76.203s] Receiving objects:  53% (259344/488202), 71.96 MiB | 20.56 MiB/s
[76.205s] Receiving objects:  53% (263608/488202), 97.28 MiB | 21.62 MiB/s
[76.941s] Receiving objects:  54% (263630/488202), 97.28 MiB | 21.62 MiB/s
[77.203s] Receiving objects:  55% (268512/488202), 112.82 MiB | 21.54 MiB/s
[77.356s] Receiving objects:  55% (271290/488202), 112.82 MiB | 21.54 MiB/s
[77.674s] Receiving objects:  56% (273394/488202), 122.57 MiB | 21.74 MiB/s
[78.131s] Receiving objects:  57% (278276/488202), 122.57 MiB | 21.74 MiB/s
[78.213s] Receiving objects:  58% (283158/488202), 131.24 MiB | 20.89 MiB/s
[78.729s] Receiving objects:  58% (283675/488202), 131.24 MiB | 20.89 MiB/s
[79.070s] Receiving objects:  59% (288040/488202), 139.11 MiB | 20.00 MiB/s
[79.203s] Receiving objects:  60% (292922/488202), 146.81 MiB | 19.26 MiB/s
[79.553s] Receiving objects:  60% (294375/488202), 146.81 MiB | 19.26 MiB/s
[80.203s] Receiving objects:  61% (297804/488202), 155.57 MiB | 18.58 MiB/s
[80.237s] Receiving objects:  61% (302466/488202), 164.07 MiB | 17.99 MiB/s
[80.956s] Receiving objects:  62% (302686/488202), 164.07 MiB | 17.99 MiB/s
[81.203s] Receiving objects:  63% (307568/488202), 179.36 MiB | 16.32 MiB/s
[81.510s] Receiving objects:  63% (309913/488202), 179.36 MiB | 16.32 MiB/s
[82.068s] Receiving objects:  64% (312450/488202), 187.03 MiB | 16.49 MiB/s
[82.203s] Receiving objects:  65% (317332/488202), 194.64 MiB | 16.01 MiB/s
[82.646s] Receiving objects:  65% (318477/488202), 194.64 MiB | 16.01 MiB/s
[83.205s] Receiving objects:  66% (322214/488202), 202.63 MiB | 15.86 MiB/s
[83.280s] Receiving objects:  66% (326436/488202), 210.67 MiB | 15.90 MiB/s
[83.970s] Receiving objects:  67% (327096/488202), 218.48 MiB | 15.93 MiB/s
[84.203s] Receiving objects:  68% (331978/488202), 225.89 MiB | 15.63 MiB/s
[84.647s] Receiving objects:  68% (333849/488202), 225.89 MiB | 15.63 MiB/s
[85.204s] Receiving objects:  69% (336860/488202), 233.43 MiB | 15.41 MiB/s
[85.292s] Receiving objects:  69% (341161/488202), 240.51 MiB | 15.20 MiB/s
[85.799s] Receiving objects:  70% (341742/488202), 248.17 MiB | 15.29 MiB/s
[86.204s] Receiving objects:  71% (346624/488202), 255.79 MiB | 15.28 MiB/s
[86.381s] Receiving objects:  71% (350022/488202), 255.79 MiB | 15.28 MiB/s
[86.922s] Receiving objects:  72% (351506/488202), 263.38 MiB | 15.28 MiB/s
[87.203s] Receiving objects:  73% (356388/488202), 270.91 MiB | 15.17 MiB/s
[87.409s] Receiving objects:  73% (359606/488202), 270.91 MiB | 15.17 MiB/s
[87.874s] Receiving objects:  74% (361270/488202), 278.82 MiB | 15.15 MiB/s
[88.203s] Receiving objects:  75% (366152/488202), 286.83 MiB | 15.19 MiB/s
[88.281s] Receiving objects:  75% (369761/488202), 286.83 MiB | 15.19 MiB/s
[89.224s] Receiving objects:  76% (371034/488202), 295.37 MiB | 15.44 MiB/s
[89.718s] Receiving objects:  76% (373481/488202), 303.98 MiB | 15.68 MiB/s
[90.263s] Receiving objects:  77% (375916/488202), 315.72 MiB | 16.71 MiB/s
[90.676s] Receiving objects:  77% (380546/488202), 331.03 MiB | 16.72 MiB/s
[91.199s] Receiving objects:  78% (380798/488202), 331.03 MiB | 16.72 MiB/s
[91.203s] Receiving objects:  79% (385680/488202), 340.18 MiB | 17.06 MiB/s
[91.668s] Receiving objects:  79% (385741/488202), 340.18 MiB | 17.06 MiB/s
[92.066s] Receiving objects:  80% (390562/488202), 347.87 MiB | 17.10 MiB/s
[92.190s] Receiving objects:  81% (395444/488202), 355.75 MiB | 17.09 MiB/s
[92.203s] Receiving objects:  82% (400326/488202), 355.75 MiB | 17.09 MiB/s
[92.344s] Receiving objects:  82% (400881/488202), 355.75 MiB | 17.09 MiB/s
[92.363s] Receiving objects:  83% (405208/488202), 364.39 MiB | 17.24 MiB/s
[92.409s] Receiving objects:  84% (410090/488202), 364.39 MiB | 17.24 MiB/s
[92.471s] Receiving objects:  85% (414972/488202), 364.39 MiB | 17.24 MiB/s
[92.635s] Receiving objects:  86% (419854/488202), 364.39 MiB | 17.24 MiB/s
[92.672s] Receiving objects:  87% (424736/488202), 364.39 MiB | 17.24 MiB/s
[92.727s] Receiving objects:  88% (429618/488202), 364.39 MiB | 17.24 MiB/s
[92.773s] Receiving objects:  89% (434500/488202), 364.39 MiB | 17.24 MiB/s
[93.093s] Receiving objects:  90% (439382/488202), 375.05 MiB | 17.71 MiB/s
[93.127s] Receiving objects:  91% (444264/488202), 375.05 MiB | 17.71 MiB/s
[93.202s] Receiving objects:  92% (449146/488202), 375.05 MiB | 17.71 MiB/s
[93.203s] Receiving objects:  93% (454028/488202), 375.05 MiB | 17.71 MiB/s
[93.236s] Receiving objects:  93% (454300/488202), 375.05 MiB | 17.71 MiB/s
[93.270s] Receiving objects:  94% (458910/488202), 375.05 MiB | 17.71 MiB/s
[93.342s] Receiving objects:  95% (463792/488202), 387.15 MiB | 18.48 MiB/s
[93.382s] Receiving objects:  96% (468674/488202), 387.15 MiB | 18.48 MiB/s
[93.440s] Receiving objects:  97% (473556/488202), 387.15 MiB | 18.48 MiB/s
[94.263s] Receiving objects:  98% (478438/488202), 387.15 MiB | 18.48 MiB/s
[94.461s] Receiving objects:  98% (480486/488202), 412.36 MiB | 19.86 MiB/s
[94.935s] Receiving objects:  99% (483320/488202), 412.36 MiB | 19.86 MiB/s
[94.935s] remote: Total 488202 (delta 353452), reused 488202 (delta 353452)        
[94.937s] Receiving objects: 100% (488202/488202), 424.13 MiB | 20.69 MiB/s
[94.938s] Receiving objects: 100% (488202/488202), 429.07 MiB | 18.08 MiB/s, done.
[95.080s] Resolving deltas:   0% (0/353452)
[95.156s] Resolving deltas:   1% (3535/353452)
[95.215s] Resolving deltas:   2% (7070/353452)
[95.297s] Resolving deltas:   3% (10604/353452)
[95.389s] Resolving deltas:   4% (14139/353452)
[95.466s] Resolving deltas:   5% (17673/353452)
[95.525s] Resolving deltas:   6% (21208/353452)
[95.595s] Resolving deltas:   7% (24742/353452)
[95.675s] Resolving deltas:   8% (28277/353452)
[95.748s] Resolving deltas:   9% (31811/353452)
[95.818s] Resolving deltas:  10% (35346/353452)
[95.896s] Resolving deltas:  11% (38880/353452)
[95.954s] Resolving deltas:  12% (42415/353452)
[95.993s] Resolving deltas:  13% (45949/353452)
[96.014s] Resolving deltas:  13% (48297/353452)
[96.079s] Resolving deltas:  14% (49484/353452)
[96.149s] Resolving deltas:  15% (53018/353452)
[96.213s] Resolving deltas:  16% (56553/353452)
[96.275s] Resolving deltas:  17% (60087/353452)
[96.329s] Resolving deltas:  18% (63622/353452)
[96.382s] Resolving deltas:  19% (67156/353452)
[96.431s] Resolving deltas:  20% (70691/353452)
[96.478s] Resolving deltas:  21% (74225/353452)
[96.519s] Resolving deltas:  22% (77760/353452)
[96.562s] Resolving deltas:  23% (81294/353452)
[96.640s] Resolving deltas:  24% (84829/353452)
[96.673s] Resolving deltas:  25% (88363/353452)
[96.712s] Resolving deltas:  26% (91898/353452)
[96.755s] Resolving deltas:  27% (95434/353452)
[96.792s] Resolving deltas:  28% (98967/353452)
[96.833s] Resolving deltas:  29% (102502/353452)
[96.872s] Resolving deltas:  30% (106036/353452)
[96.913s] Resolving deltas:  31% (109571/353452)
[96.956s] Resolving deltas:  32% (113105/353452)
[96.992s] Resolving deltas:  33% (116640/353452)
[97.000s] Resolving deltas:  33% (119585/353452)
[97.055s] Resolving deltas:  34% (120174/353452)
[97.093s] Resolving deltas:  35% (123709/353452)
[97.132s] Resolving deltas:  36% (127243/353452)
[97.168s] Resolving deltas:  37% (130778/353452)
[97.208s] Resolving deltas:  38% (134312/353452)
[97.245s] Resolving deltas:  39% (137847/353452)
[97.278s] Resolving deltas:  40% (141381/353452)
[97.308s] Resolving deltas:  41% (144916/353452)
[97.344s] Resolving deltas:  42% (148450/353452)
[97.372s] Resolving deltas:  43% (151985/353452)
[97.398s] Resolving deltas:  44% (155519/353452)
[97.429s] Resolving deltas:  45% (159054/353452)
[97.468s] Resolving deltas:  46% (162588/353452)
[97.578s] Resolving deltas:  47% (166123/353452)
[97.727s] Resolving deltas:  48% (169657/353452)
[97.941s] Resolving deltas:  49% (173192/353452)
[97.992s] Resolving deltas:  50% (176726/353452)
[98.168s] Resolving deltas:  50% (178297/353452)
[98.316s] Resolving deltas:  51% (180261/353452)
[98.447s] Resolving deltas:  52% (183796/353452)
[98.620s] Resolving deltas:  53% (187330/353452)
[98.992s] Resolving deltas:  54% (190865/353452)
[99.087s] Resolving deltas:  54% (193497/353452)
[99.237s] Resolving deltas:  55% (194399/353452)
[99.304s] Resolving deltas:  56% (197934/353452)
[99.546s] Resolving deltas:  57% (201468/353452)
[99.999s] Resolving deltas:  58% (205003/353452)
[100.112s] Resolving deltas:  58% (207247/353452)
[100.283s] Resolving deltas:  59% (208537/353452)
[100.465s] Resolving deltas:  60% (212072/353452)
[100.842s] Resolving deltas:  61% (215606/353452)
[100.992s] Resolving deltas:  62% (219141/353452)
[101.040s] Resolving deltas:  62% (221512/353452)
[101.288s] Resolving deltas:  63% (222675/353452)
[101.571s] Resolving deltas:  64% (226210/353452)
[101.885s] Resolving deltas:  65% (229744/353452)
[101.992s] Resolving deltas:  66% (233279/353452)
[102.206s] Resolving deltas:  66% (234427/353452)
[102.504s] Resolving deltas:  67% (236813/353452)
[102.856s] Resolving deltas:  68% (240348/353452)
[102.992s] Resolving deltas:  69% (243882/353452)
[103.130s] Resolving deltas:  69% (245745/353452)
[103.439s] Resolving deltas:  70% (247417/353452)
[103.689s] Resolving deltas:  71% (250951/353452)
[103.903s] Resolving deltas:  72% (254486/353452)
[103.992s] Resolving deltas:  73% (258020/353452)
[104.156s] Resolving deltas:  73% (259313/353452)
[104.422s] Resolving deltas:  74% (261555/353452)
[104.649s] Resolving deltas:  75% (265089/353452)
[104.954s] Resolving deltas:  76% (268625/353452)
[104.992s] Resolving deltas:  77% (272159/353452)
[105.129s] Resolving deltas:  77% (273582/353452)
[105.286s] Resolving deltas:  78% (275693/353452)
[105.472s] Resolving deltas:  79% (279228/353452)
[105.631s] Resolving deltas:  80% (282762/353452)
[105.771s] Resolving deltas:  81% (286297/353452)
[105.992s] Resolving deltas:  82% (289831/353452)
[106.070s] Resolving deltas:  82% (292683/353452)
[106.288s] Resolving deltas:  83% (293366/353452)
[106.463s] Resolving deltas:  84% (296900/353452)
[106.676s] Resolving deltas:  85% (300435/353452)
[106.901s] Resolving deltas:  86% (303969/353452)
[106.992s] Resolving deltas:  87% (307504/353452)
[107.095s] Resolving deltas:  87% (309132/353452)
[107.201s] Resolving deltas:  88% (311038/353452)
[107.344s] Resolving deltas:  89% (314573/353452)
[107.514s] Resolving deltas:  90% (318107/353452)
[107.965s] Resolving deltas:  91% (321642/353452)
[107.992s] Resolving deltas:  92% (325176/353452)
[108.279s] Resolving deltas:  92% (325382/353452)
[108.388s] Resolving deltas:  93% (328711/353452)
[108.490s] Resolving deltas:  94% (332245/353452)
[108.664s] Resolving deltas:  95% (335780/353452)
[108.855s] Resolving deltas:  96% (339314/353452)
[108.992s] Resolving deltas:  97% (342849/353452)
[109.050s] Resolving deltas:  97% (346145/353452)
[109.205s] Resolving deltas:  98% (346383/353452)
[109.553s] Resolving deltas:  99% (349918/353452)
[109.558s] Resolving deltas: 100% (353452/353452)
[109.558s] Resolving deltas: 100% (353452/353452), done.
[280.845s] [0:03:31] Still working on:
[280.846s] [0:03:31]   src/third_party
[280.846s] [0:03:31]   src/tools
[290.886s] [0:03:41] Still working on:
[290.887s] [0:03:41]   src/third_party
[290.888s] [0:03:41]   src/tools
[300.903s] [0:03:51] Still working on:
[300.903s] [0:03:51]   src/third_party
[300.903s] [0:03:51]   src/tools
[310.946s] [0:04:01] Still working on:
[310.946s] [0:04:01]   src/third_party
[310.946s] [0:04:01]   src/tools
[320.994s] [0:04:11] Still working on:
[320.995s] [0:04:11]   src/third_party
[320.996s] [0:04:11]   src/tools
[331.021s] [0:04:21] Still working on:
[331.021s] [0:04:21]   src/third_party
[331.021s] [0:04:21]   src/tools
[341.048s] [0:04:31] Still working on:
[341.049s] [0:04:31]   src/third_party
[341.049s] [0:04:31]   src/tools
[351.075s] [0:04:41] Still working on:
[351.077s] [0:04:41]   src/third_party
[351.078s] [0:04:41]   src/tools
[361.106s] [0:04:51] Still working on:
[361.106s] [0:04:51]   src/third_party
[361.106s] [0:04:51]   src/tools
[371.141s] [0:05:01] Still working on:
[371.142s] [0:05:01]   src/third_party
[371.143s] [0:05:01]   src/tools
[381.163s] [0:05:11] Still working on:
[381.165s] [0:05:11]   src/third_party
[381.175s] [0:05:11]   src/tools
[391.191s] [0:05:21] Still working on:
[391.193s] [0:05:21]   src/third_party
[391.194s] [0:05:21]   src/tools
[401.238s] [0:05:32] Still working on:
[401.239s] [0:05:32]   src/third_party
[401.240s] [0:05:32]   src/tools
[411.253s] [0:05:42] Still working on:
[411.255s] [0:05:42]   src/third_party
[411.256s] [0:05:42]   src/tools
[421.306s] [0:05:52] Still working on:
[421.311s] [0:05:52]   src/third_party
[421.315s] [0:05:52]   src/tools
[431.327s] [0:06:02] Still working on:
[431.328s] [0:06:02]   src/third_party
[431.329s] [0:06:02]   src/tools
[441.354s] [0:06:12] Still working on:
[441.355s] [0:06:12]   src/third_party
[441.356s] [0:06:12]   src/tools
[451.402s] [0:06:22] Still working on:
[451.405s] [0:06:22]   src/third_party
[451.406s] [0:06:22]   src/tools
[461.461s] [0:06:32] Still working on:
[461.466s] [0:06:32]   src/third_party
[461.468s] [0:06:32]   src/tools
[471.506s] [0:06:42] Still working on:
[471.507s] [0:06:42]   src/third_party
[471.507s] [0:06:42]   src/tools
[481.549s] [0:06:52] Still working on:
[481.549s] [0:06:52]   src/third_party
[481.549s] [0:06:52]   src/tools
[491.580s] [0:07:02] Still working on:
[491.581s] [0:07:02]   src/third_party
[491.582s] [0:07:02]   src/tools
[501.605s] [0:07:12] Still working on:
[501.606s] [0:07:12]   src/third_party
[501.607s] [0:07:12]   src/tools
[511.640s] [0:07:22] Still working on:
[511.641s] [0:07:22]   src/third_party
[511.642s] [0:07:22]   src/tools
[521.678s] [0:07:32] Still working on:
[521.679s] [0:07:32]   src/third_party
[521.679s] [0:07:32]   src/tools
[531.705s] [0:07:42] Still working on:
[531.706s] [0:07:42]   src/third_party
[531.706s] [0:07:42]   src/tools
[541.792s] [0:07:52] Still working on:
[541.804s] [0:07:52]   src/third_party
[541.805s] [0:07:52]   src/tools
[551.821s] [0:08:02] Still working on:
[551.821s] [0:08:02]   src/third_party
[551.822s] [0:08:02]   src/tools
[561.848s] [0:08:12] Still working on:
[561.850s] [0:08:12]   src/third_party
[561.852s] [0:08:12]   src/tools
[571.875s] [0:08:22] Still working on:
[571.876s] [0:08:22]   src/third_party
[571.876s] [0:08:22]   src/tools
[581.916s] [0:08:32] Still working on:
[581.916s] [0:08:32]   src/third_party
[581.917s] [0:08:32]   src/tools
[591.970s] [0:08:42] Still working on:
[591.983s] [0:08:42]   src/third_party
[591.991s] [0:08:42]   src/tools
[601.998s] [0:08:52] Still working on:
[601.998s] [0:08:52]   src/third_party
[601.999s] [0:08:52]   src/tools
[612.021s] [0:09:02] Still working on:
[612.022s] [0:09:02]   src/third_party
[612.022s] [0:09:02]   src/tools
[622.047s] [0:09:12] Still working on:
[622.049s] [0:09:12]   src/third_party
[622.050s] [0:09:12]   src/tools
[632.083s] [0:09:22] Still working on:
[632.084s] [0:09:22]   src/third_party
[632.085s] [0:09:22]   src/tools
[642.120s] [0:09:32] Still working on:
[642.122s] [0:09:32]   src/third_party
[642.123s] [0:09:32]   src/tools
[652.159s] [0:09:42] Still working on:
[652.162s] [0:09:42]   src/third_party
[652.166s] [0:09:42]   src/tools
[662.194s] [0:09:52] Still working on:
[662.195s] [0:09:52]   src/third_party
[662.196s] [0:09:52]   src/tools
[672.219s] [0:10:02] Still working on:
[672.220s] [0:10:02]   src/third_party
[672.223s] [0:10:02]   src/tools
[682.269s] [0:10:13] Still working on:
[682.269s] [0:10:13]   src/third_party
[682.269s] [0:10:13]   src/tools
[684.412s] [0:10:15] Still working on:
[684.413s] [0:10:15]   src/third_party
[684.413s] [0:10:15]   src/tools
[744.689s] [0:11:15] Still working on:
[744.690s] [0:11:15]   src/third_party
[754.713s] [0:11:25] Still working on:
[754.717s] [0:11:25]   src/third_party
[764.742s] [0:11:35] Still working on:
[764.742s] [0:11:35]   src/third_party
[774.771s] [0:11:45] Still working on:
[774.771s] [0:11:45]   src/third_party
[784.799s] [0:11:55] Still working on:
[784.800s] [0:11:55]   src/third_party
[794.821s] [0:12:05] Still working on:
[794.821s] [0:12:05]   src/third_party
[804.844s] [0:12:15] Still working on:
[804.845s] [0:12:15]   src/third_party
[814.872s] [0:12:25] Still working on:
[814.872s] [0:12:25]   src/third_party
[824.897s] [0:12:35] Still working on:
[824.898s] [0:12:35]   src/third_party
[834.921s] [0:12:45] Still working on:
[834.922s] [0:12:45]   src/third_party
[844.951s] [0:12:55] Still working on:
[844.951s] [0:12:55]   src/third_party
[854.973s] [0:13:05] Still working on:
[854.973s] [0:13:05]   src/third_party
[864.995s] [0:13:15] Still working on:
[864.995s] [0:13:15]   src/third_party
[875.019s] [0:13:25] Still working on:
[875.019s] [0:13:25]   src/third_party
[885.043s] [0:13:35] Still working on:
[885.044s] [0:13:35]   src/third_party
[895.069s] [0:13:45] Still working on:
[895.070s] [0:13:45]   src/third_party
[905.093s] [0:13:55] Still working on:
[905.094s] [0:13:55]   src/third_party
[915.117s] [0:14:05] Still working on:
[915.117s] [0:14:05]   src/third_party
[925.140s] [0:14:15] Still working on:
[925.140s] [0:14:15]   src/third_party
[935.164s] [0:14:25] Still working on:
[935.164s] [0:14:25]   src/third_party
[945.207s] [0:14:35] Still working on:
[945.208s] [0:14:35]   src/third_party
[955.257s] [0:14:46] Still working on:
[955.258s] [0:14:46]   src/third_party
[965.284s] [0:14:56] Still working on:
[965.285s] [0:14:56]   src/third_party
[975.319s] [0:15:06] Still working on:
[975.320s] [0:15:06]   src/third_party
[985.357s] [0:15:16] Still working on:
[985.357s] [0:15:16]   src/third_party
[995.401s] [0:15:26] Still working on:
[995.401s] [0:15:26]   src/third_party
[1005.429s] [0:15:36] Still working on:
[1005.429s] [0:15:36]   src/third_party
[1015.473s] [0:15:46] Still working on:
[1015.473s] [0:15:46]   src/third_party
[1025.520s] [0:15:56] Still working on:
[1025.521s] [0:15:56]   src/third_party
[1030.984s] [0:16:01] Still working on:
[1030.985s] [0:16:01]   src/third_party
[1061.920s] 31>WARNING: subprocess '"git" "-c" "core.deltaBaseCacheLimit=2g" "clone" "--no-checkout" "--progress" "https://chromium.googlesource.com/external/github.com/google/gtest-parallel" "/workspace/towen/src/webrtc_ros/webrtc/build/webrtc/src/third_party/_gclient_gtest-parallel_cr16qe_w"' in /workspace/towen/src/webrtc_ros/webrtc/build/webrtc failed; will retry after a short nap...
[1103.573s] Traceback (most recent call last):
[1103.574s]   File "/usr/local/bin/cmake", line 8, in <module>
[1103.575s]     sys.exit(cmake())
[1103.578s]   File "/usr/local/lib/python3.10/dist-packages/cmake/__init__.py", line 51, in cmake
[1103.580s]     raise SystemExit(_program('cmake', sys.argv[1:]))
[1103.581s]   File "/usr/local/lib/python3.10/dist-packages/cmake/__init__.py", line 47, in _program
[1103.582s]     return subprocess.call([os.path.join(CMAKE_BIN_DIR, name), *args], close_fds=False)
[1103.585s]   File "/usr/lib/python3.10/subprocess.py", line 347, in call
[1103.588s]     return p.wait(timeout=timeout)
[1103.589s]   File "/usr/lib/python3.10/subprocess.py", line 1209, in wait
[1103.589s]     return self._wait(timeout=timeout)
[1103.589s]   File "/usr/lib/python3.10/subprocess.py", line 1959, in _wait
[1103.589s]     (pid, sts) = self._try_wait(0)
[1103.589s]   File "/usr/lib/python3.10/subprocess.py", line 1917, in _try_wait
[1103.589s]     (pid, sts) = os.waitpid(self.pid, wait_flags)
[1103.589s] KeyboardInterrupt
[1103.693s] Invoked command in '/workspace/towen/build/webrtc' returned '-2': BYOBU_DATE=%Y-%m-%d CMAKE_PREFIX_PATH=${CMAKE_PREFIX_PATH}:/workspace/towen/install/strategy:/workspace/towen/install/rosidl_cli:/workspace/towen/install/opencv_tests:/workspace/towen/install/motionpackage:/workspace/towen/install/imageprocess:/opt/ros/humble /usr/local/bin/cmake /workspace/towen/src/webrtc_ros/webrtc -DCMAKE_INSTALL_PREFIX=/workspace/towen/install/webrtc
[1103.706s] Traceback (most recent call last):
  File "/usr/lib/python3/dist-packages/colcon_parallel_executor/executor/parallel.py", line 75, in execute
    loop.run_until_complete(future)
  File "/usr/lib/python3.10/asyncio/base_events.py", line 636, in run_until_complete
    self.run_forever()
  File "/usr/lib/python3.10/asyncio/base_events.py", line 603, in run_forever
    self._run_once()
  File "/usr/lib/python3.10/asyncio/base_events.py", line 1871, in _run_once
    event_list = self._selector.select(timeout)
  File "/usr/lib/python3.10/selectors.py", line 469, in select
    fd_event_list = self._selector.poll(timeout, max_ev)
KeyboardInterrupt

During handling of the above exception, another exception occurred:

Traceback (most recent call last):
  File "/usr/lib/python3/dist-packages/colcon_core/executor/__init__.py", line 91, in __call__
    rc = await self.task(*args, **kwargs)
  File "/usr/lib/python3/dist-packages/colcon_core/task/__init__.py", line 93, in __call__
    return await task_method(*args, **kwargs)
  File "/usr/lib/python3/dist-packages/colcon_ros/task/ament_cmake/build.py", line 59, in build
    rc = await extension.build(
  File "/usr/lib/python3/dist-packages/colcon_cmake/task/cmake/build.py", line 87, in build
    rc = await self._reconfigure(args, env)
  File "/usr/lib/python3/dist-packages/colcon_cmake/task/cmake/build.py", line 182, in _reconfigure
    buildfile = get_buildfile(cmake_cache)
  File "/usr/lib/python3/dist-packages/colcon_cmake/task/cmake/__init__.py", line 114, in get_buildfile
    if 'Visual Studio' in generator:
TypeError: argument of type 'NoneType' is not iterable
