Built target ament_cmake_python_copy_rosidl_parser
Traceback (most recent call last):
  File "/workspace/towen/build/rosidl_parser/ament_cmake_python/rosidl_parser/setup.py", line 1, in <module>
    from setuptools import find_packages
  File "/usr/local/lib/python3.10/dist-packages/setuptools/__init__.py", line 22, in <module>
    import _distutils_hack.override  # noqa: F401
  File "/usr/local/lib/python3.10/dist-packages/_distutils_hack/override.py", line 1, in <module>
    __import__('_distutils_hack').do_override()
  File "/usr/local/lib/python3.10/dist-packages/_distutils_hack/__init__.py", line 90, in do_override
    ensure_local_distutils()
  File "/usr/local/lib/python3.10/dist-packages/_distutils_hack/__init__.py", line 73, in ensure_local_distutils
    importlib.import_module('distutils')
  File "/usr/lib/python3.10/importlib/__init__.py", line 126, in import_module
    return _bootstrap._gcd_import(name[level:], package, level)
  File "<frozen importlib._bootstrap>", line 1050, in _gcd_import
Traceback (most recent call last):
  File "/usr/local/bin/cmake", line 8, in <module>
    sys.exit(cmake())
  File "/usr/local/lib/python3.10/dist-packages/cmake/__init__.py", line 51, in cmake
    raise SystemExit(_program('cmake', sys.argv[1:]))
  File "/usr/local/lib/python3.10/dist-packages/cmake/__init__.py", line 47, in _program
  File "<frozen importlib._bootstrap>", line 1027, in _find_and_load
    return subprocess.call([os.path.join(CMAKE_BIN_DIR, name), *args], close_fds=False)
  File "/usr/lib/python3.10/subprocess.py", line 347, in call
    return p.wait(timeout=timeout)
  File "/usr/lib/python3.10/subprocess.py", line 1209, in wait
  File "<frozen importlib._bootstrap>", line 1002, in _find_and_load_unlocked
    return self._wait(timeout=timeout)
  File "/usr/lib/python3.10/subprocess.py", line 1959, in _wait
  File "<frozen importlib._bootstrap>", line 945, in _find_spec
  File "/usr/local/lib/python3.10/dist-packages/_distutils_hack/__init__.py", line 110, in find_spec
        (pid, sts) = self._try_wait(0)
  File "/usr/lib/python3.10/subprocess.py", line 1917, in _try_wait
    (pid, sts) = os.waitpid(self.pid, wait_flags)
KeyboardInterrupt
return method()
  File "/usr/local/lib/python3.10/dist-packages/_distutils_hack/__init__.py", line 121, in spec_for_distutils
    mod = importlib.import_module('setuptools._distutils')
  File "/usr/lib/python3.10/importlib/__init__.py", line 126, in import_module
    return _bootstrap._gcd_import(name[level:], package, level)
  File "/usr/local/lib/python3.10/dist-packages/setuptools/_distutils/__init__.py", line 12, in <module>
    importlib.import_module('_distutils_system_mod')
  File "/usr/lib/python3.10/importlib/__init__.py", line 126, in import_module
    return _bootstrap._gcd_import(name[level:], package, level)
  File "/usr/lib/python3.10/_distutils_system_mod.py", line 15, in <module>
    import distutils.sysconfig
  File "/usr/local/lib/python3.10/dist-packages/setuptools/_distutils/sysconfig.py", line 400, in <module>
    _variable_rx = re.compile(r"([a-zA-Z][a-zA-Z0-9_]+)\s*=\s*(.*)")
  File "/usr/lib/python3.10/re.py", line 251, in compile
    return _compile(pattern, flags)
  File "/usr/lib/python3.10/re.py", line 303, in _compile
    p = sre_compile.compile(pattern, flags)
  File "/usr/lib/python3.10/sre_compile.py", line 801, in compile
    for k, i in groupindex.items():
KeyboardInterrupt
gmake[2]: *** [CMakeFiles/ament_cmake_python_build_rosidl_parser_egg.dir/build.make:70: CMakeFiles/ament_cmake_python_build_rosidl_parser_egg] Interrupt
gmake[1]: *** [CMakeFiles/Makefile2:164: CMakeFiles/ament_cmake_python_build_rosidl_parser_egg.dir/all] Interrupt
gmake: *** [Makefile:134: all] Interrupt
