[0.237s] Invoking command in '/workspace/towen/build/rosidl_parser': AMENT_PREFIX_PATH=/workspace/towen/install/rosidl_cli:/workspace/towen/install/zed_ros2:/workspace/towen/install/zed_wrapper:/workspace/towen/install/zed_components:/workspace/towen/install/webrtc_ros_msgs:/workspace/towen/install/web_video_server:/workspace/towen/install/vision_opencv:/workspace/towen/install/usb_cam:/workspace/towen/install/tku_msgs:/workspace/towen/install/strategy:/workspace/towen/install/rosidl_typesupport_introspection_tests:/workspace/towen/install/rosidl_typesupport_introspection_cpp:/workspace/towen/install/rosidl_typesupport_introspection_c:/workspace/towen/install/rosidl_generator_cpp:/workspace/towen/install/rosidl_runtime_cpp:/workspace/towen/install/rosidl_runtime_c:/workspace/towen/install/rosidl_generator_c:/workspace/towen/install/rosidl_typesupport_interface:/workspace/towen/install/rosidl_cmake:/workspace/towen/install/rosidl_parser:/workspace/towen/install/rosidl_adapter:/workspace/towen/install/opencv_tests:/workspace/towen/install/motionpackage:/workspace/towen/install/imageprocess:/workspace/towen/install/image_geometry:/workspace/towen/install/cv_bridge:/opt/ros/humble/install:/opt/ros/humble BYOBU_DATE=%Y-%m-%d CMAKE_PREFIX_PATH=/workspace/towen/install/rosidl_adapter:/workspace/towen/install/zed_ros2:/workspace/towen/install/zed_wrapper:/workspace/towen/install/zed_components:/workspace/towen/install/webrtc_ros_msgs:/workspace/towen/install/web_video_server:/workspace/towen/install/vision_opencv:/workspace/towen/install/usb_cam:/workspace/towen/install/tku_msgs:/workspace/towen/install/rosidl_typesupport_introspection_tests:/workspace/towen/install/rosidl_typesupport_introspection_cpp:/workspace/towen/install/rosidl_typesupport_introspection_c:/workspace/towen/install/rosidl_generator_cpp:/workspace/towen/install/rosidl_runtime_cpp:/workspace/towen/install/rosidl_runtime_c:/workspace/towen/install/rosidl_generator_c:/workspace/towen/install/rosidl_typesupport_interface:/workspace/towen/install/rosidl_cmake:/workspace/towen/install/rosidl_parser:/workspace/towen/install/image_geometry:/workspace/towen/install/cv_bridge:/opt/ros/humble/install:/workspace/towen/install/strategy:/workspace/towen/install/rosidl_cli:/workspace/towen/install/opencv_tests:/workspace/towen/install/motionpackage:/workspace/towen/install/imageprocess:/opt/ros/humble PYTHONPATH=/workspace/towen/install/rosidl_cli/lib/python3.10/site-packages:/workspace/towen/install/webrtc_ros_msgs/local/lib/python3.10/dist-packages:/workspace/towen/install/tku_msgs/local/lib/python3.10/dist-packages:/workspace/towen/install/strategy/lib/python3.10/site-packages:/workspace/towen/install/rosidl_typesupport_introspection_cpp/local/lib/python3.10/dist-packages:/workspace/towen/install/rosidl_typesupport_introspection_c/local/lib/python3.10/dist-packages:/workspace/towen/install/rosidl_generator_cpp/local/lib/python3.10/dist-packages:/workspace/towen/install/rosidl_generator_c/local/lib/python3.10/dist-packages:/workspace/towen/install/rosidl_cmake/local/lib/python3.10/dist-packages:/workspace/towen/install/rosidl_parser/local/lib/python3.10/dist-packages:/workspace/towen/install/rosidl_adapter/local/lib/python3.10/dist-packages:/workspace/towen/install/opencv_tests/lib/python3.10/site-packages:/workspace/towen/install/motionpackage/lib/python3.10/site-packages:/workspace/towen/install/imageprocess/lib/python3.10/site-packages:/workspace/towen/install/image_geometry/local/lib/python3.10/dist-packages:/workspace/towen/install/cv_bridge/local/lib/python3.10/dist-packages:/opt/ros/humble/install/local/lib/python3.10/dist-packages:/opt/ros/humble/install/lib/python3.10/site-packages:/opt/ros/humble/lib/python3.10/site-packages:/opt/ros/humble/local/lib/python3.10/dist-packages /usr/local/bin/cmake --build /workspace/towen/build/rosidl_parser -- -j6 -l6
[0.866s] Built target ament_cmake_python_copy_rosidl_parser
[1.573s] Traceback (most recent call last):
[1.573s]   File "/workspace/towen/build/rosidl_parser/ament_cmake_python/rosidl_parser/setup.py", line 1, in <module>
[1.573s]     from setuptools import find_packages
[1.573s]   File "/usr/local/lib/python3.10/dist-packages/setuptools/__init__.py", line 22, in <module>
[1.573s]     import _distutils_hack.override  # noqa: F401
[1.573s]   File "/usr/local/lib/python3.10/dist-packages/_distutils_hack/override.py", line 1, in <module>
[1.574s]     __import__('_distutils_hack').do_override()
[1.574s]   File "/usr/local/lib/python3.10/dist-packages/_distutils_hack/__init__.py", line 90, in do_override
[1.574s]     ensure_local_distutils()
[1.574s]   File "/usr/local/lib/python3.10/dist-packages/_distutils_hack/__init__.py", line 73, in ensure_local_distutils
[1.574s]     importlib.import_module('distutils')
[1.574s]   File "/usr/lib/python3.10/importlib/__init__.py", line 126, in import_module
[1.574s]     return _bootstrap._gcd_import(name[level:], package, level)
[1.574s]   File "<frozen importlib._bootstrap>", line 1050, in _gcd_import
[1.575s] Traceback (most recent call last):
[1.575s]   File "/usr/local/bin/cmake", line 8, in <module>
[1.575s]     sys.exit(cmake())
[1.575s]   File "/usr/local/lib/python3.10/dist-packages/cmake/__init__.py", line 51, in cmake
[1.575s]     raise SystemExit(_program('cmake', sys.argv[1:]))
[1.575s]   File "/usr/local/lib/python3.10/dist-packages/cmake/__init__.py", line 47, in _program
[1.575s]   File "<frozen importlib._bootstrap>", line 1027, in _find_and_load
[1.576s]     return subprocess.call([os.path.join(CMAKE_BIN_DIR, name), *args], close_fds=False)
[1.576s]   File "/usr/lib/python3.10/subprocess.py", line 347, in call
[1.576s]     return p.wait(timeout=timeout)
[1.576s]   File "/usr/lib/python3.10/subprocess.py", line 1209, in wait
[1.576s]   File "<frozen importlib._bootstrap>", line 1002, in _find_and_load_unlocked
[1.576s]     return self._wait(timeout=timeout)
[1.576s]   File "/usr/lib/python3.10/subprocess.py", line 1959, in _wait
[1.576s]   File "<frozen importlib._bootstrap>", line 945, in _find_spec
[1.576s]   File "/usr/local/lib/python3.10/dist-packages/_distutils_hack/__init__.py", line 110, in find_spec
[1.577s]         (pid, sts) = self._try_wait(0)
[1.577s]   File "/usr/lib/python3.10/subprocess.py", line 1917, in _try_wait
[1.577s]     (pid, sts) = os.waitpid(self.pid, wait_flags)
[1.577s] KeyboardInterrupt
[1.577s] return method()
[1.577s]   File "/usr/local/lib/python3.10/dist-packages/_distutils_hack/__init__.py", line 121, in spec_for_distutils
[1.577s]     mod = importlib.import_module('setuptools._distutils')
[1.577s]   File "/usr/lib/python3.10/importlib/__init__.py", line 126, in import_module
[1.578s]     return _bootstrap._gcd_import(name[level:], package, level)
[1.578s]   File "/usr/local/lib/python3.10/dist-packages/setuptools/_distutils/__init__.py", line 12, in <module>
[1.578s]     importlib.import_module('_distutils_system_mod')
[1.578s]   File "/usr/lib/python3.10/importlib/__init__.py", line 126, in import_module
[1.578s]     return _bootstrap._gcd_import(name[level:], package, level)
[1.591s]   File "/usr/lib/python3.10/_distutils_system_mod.py", line 15, in <module>
[1.592s]     import distutils.sysconfig
[1.592s]   File "/usr/local/lib/python3.10/dist-packages/setuptools/_distutils/sysconfig.py", line 400, in <module>
[1.592s]     _variable_rx = re.compile(r"([a-zA-Z][a-zA-Z0-9_]+)\s*=\s*(.*)")
[1.592s]   File "/usr/lib/python3.10/re.py", line 251, in compile
[1.592s]     return _compile(pattern, flags)
[1.592s]   File "/usr/lib/python3.10/re.py", line 303, in _compile
[1.593s]     p = sre_compile.compile(pattern, flags)
[1.593s]   File "/usr/lib/python3.10/sre_compile.py", line 801, in compile
[1.593s]     for k, i in groupindex.items():
[1.593s] KeyboardInterrupt
[1.615s] gmake[2]: *** [CMakeFiles/ament_cmake_python_build_rosidl_parser_egg.dir/build.make:70: CMakeFiles/ament_cmake_python_build_rosidl_parser_egg] Interrupt
[1.615s] gmake[1]: *** [CMakeFiles/Makefile2:164: CMakeFiles/ament_cmake_python_build_rosidl_parser_egg.dir/all] Interrupt
[1.615s] gmake: *** [Makefile:134: all] Interrupt
